[debug] [2021-02-15T03:32:10.867Z] ----------------------------------------------------------------------
[debug] [2021-02-15T03:32:10.885Z] Command:       C:\Program Files\nodejs\node.exe C:\Users\DELL\AppData\Roaming\npm\node_modules\firebase-tools\lib\bin\firebase.js deploy
[debug] [2021-02-15T03:32:10.887Z] CLI Version:   9.3.0
[debug] [2021-02-15T03:32:10.887Z] Platform:      win32
[debug] [2021-02-15T03:32:10.888Z] Node Version:  v14.4.0
[debug] [2021-02-15T03:32:10.983Z] Time:          Mon Feb 15 2021 09:02:10 GMT+0530 (India Standard Time)
[debug] [2021-02-15T03:32:10.983Z] ----------------------------------------------------------------------
[debug] [2021-02-15T03:32:10.984Z] 
[debug] [2021-02-15T03:32:11.039Z] > command requires scopes: ["email","openid","https://www.googleapis.com/auth/cloudplatformprojects.readonly","https://www.googleapis.com/auth/firebase","https://www.googleapis.com/auth/cloud-platform"]
[debug] [2021-02-15T03:32:11.041Z] > authorizing via signed-in user
[debug] [2021-02-15T03:32:11.042Z] [iam] checking project whatsapp-clone-5ce3d for permissions ["cloudconfig.configs.get","cloudconfig.configs.update","cloudfunctions.functions.create","cloudfunctions.functions.delete","cloudfunctions.functions.get","cloudfunctions.functions.list","cloudfunctions.functions.update","cloudfunctions.operations.get","datastore.indexes.create","datastore.indexes.delete","datastore.indexes.list","datastore.indexes.update","firebase.projects.get","firebasedatabase.instances.update","firebasehosting.sites.update","firebaserules.releases.create","firebaserules.releases.update","firebaserules.rulesets.create"]
[debug] [2021-02-15T03:32:11.053Z] > refreshing access token with scopes: ["email","https://www.googleapis.com/auth/cloud-platform","https://www.googleapis.com/auth/cloudplatformprojects.readonly","https://www.googleapis.com/auth/firebase","openid"]
[debug] [2021-02-15T03:32:11.054Z] >>> HTTP REQUEST POST https://www.googleapis.com/oauth2/v3/token  
 <request body omitted>
[debug] [2021-02-15T03:32:11.724Z] <<< HTTP RESPONSE 200 {"cache-control":"no-cache, no-store, max-age=0, must-revalidate","expires":"Mon, 01 Jan 1990 00:00:00 GMT","date":"Mon, 15 Feb 2021 03:32:14 GMT","pragma":"no-cache","content-type":"application/json; charset=utf-8","vary":"X-Origin, Referer, Origin,Accept-Encoding","server":"scaffolding on HTTPServer2","x-xss-protection":"0","x-frame-options":"SAMEORIGIN","x-content-type-options":"nosniff","alt-svc":"h3-29=\":443\"; ma=2592000,h3-T051=\":443\"; ma=2592000,h3-Q050=\":443\"; ma=2592000,h3-Q046=\":443\"; ma=2592000,h3-Q043=\":443\"; ma=2592000,quic=\":443\"; ma=2592000; v=\"46,43\"","accept-ranges":"none","transfer-encoding":"chunked"}
[debug] [2021-02-15T03:32:11.784Z] >>> HTTP REQUEST POST https://cloudresourcemanager.googleapis.com/v1/projects/whatsapp-clone-5ce3d:testIamPermissions  
 {"permissions":["cloudconfig.configs.get","cloudconfig.configs.update","cloudfunctions.functions.create","cloudfunctions.functions.delete","cloudfunctions.functions.get","cloudfunctions.functions.list","cloudfunctions.functions.update","cloudfunctions.operations.get","datastore.indexes.create","datastore.indexes.delete","datastore.indexes.list","datastore.indexes.update","firebase.projects.get","firebasedatabase.instances.update","firebasehosting.sites.update","firebaserules.releases.create","firebaserules.releases.update","firebaserules.rulesets.create"]}
[debug] [2021-02-15T03:32:13.096Z] <<< HTTP RESPONSE 200 {"content-type":"application/json; charset=UTF-8","vary":"X-Origin, Referer, Origin,Accept-Encoding","date":"Mon, 15 Feb 2021 03:32:16 GMT","server":"ESF","cache-control":"private","x-xss-protection":"0","x-frame-options":"SAMEORIGIN","x-content-type-options":"nosniff","server-timing":"gfet4t7; dur=1147","alt-svc":"h3-29=\":443\"; ma=2592000,h3-T051=\":443\"; ma=2592000,h3-Q050=\":443\"; ma=2592000,h3-Q046=\":443\"; ma=2592000,h3-Q043=\":443\"; ma=2592000,quic=\":443\"; ma=2592000; v=\"46,43\"","accept-ranges":"none","transfer-encoding":"chunked"}
[debug] [2021-02-15T03:32:13.098Z] >>> HTTP REQUEST POST https://iam.googleapis.com/v1/projects/whatsapp-clone-5ce3d/serviceAccounts/whatsapp-clone-5ce3d@appspot.gserviceaccount.com:testIamPermissions  
 {"permissions":["iam.serviceAccounts.actAs"]}
[debug] [2021-02-15T03:32:14.542Z] <<< HTTP RESPONSE 200 {"content-type":"application/json; charset=UTF-8","vary":"X-Origin, Referer, Origin,Accept-Encoding","date":"Mon, 15 Feb 2021 03:32:17 GMT","server":"ESF","cache-control":"private","x-xss-protection":"0","x-frame-options":"SAMEORIGIN","x-content-type-options":"nosniff","alt-svc":"h3-29=\":443\"; ma=2592000,h3-T051=\":443\"; ma=2592000,h3-Q050=\":443\"; ma=2592000,h3-Q046=\":443\"; ma=2592000,h3-Q043=\":443\"; ma=2592000,quic=\":443\"; ma=2592000; v=\"46,43\"","accept-ranges":"none","transfer-encoding":"chunked"}
[debug] [2021-02-15T03:32:14.544Z] > refreshing access token with scopes: []
[debug] [2021-02-15T03:32:14.545Z] >>> HTTP REQUEST POST https://www.googleapis.com/oauth2/v3/token  
 <request body omitted>
[debug] [2021-02-15T03:32:14.673Z] <<< HTTP RESPONSE 200 {"date":"Mon, 15 Feb 2021 03:32:17 GMT","pragma":"no-cache","cache-control":"no-cache, no-store, max-age=0, must-revalidate","expires":"Mon, 01 Jan 1990 00:00:00 GMT","content-type":"application/json; charset=utf-8","vary":"X-Origin, Referer, Origin,Accept-Encoding","server":"scaffolding on HTTPServer2","x-xss-protection":"0","x-frame-options":"SAMEORIGIN","x-content-type-options":"nosniff","alt-svc":"h3-29=\":443\"; ma=2592000,h3-T051=\":443\"; ma=2592000,h3-Q050=\":443\"; ma=2592000,h3-Q046=\":443\"; ma=2592000,h3-Q043=\":443\"; ma=2592000,quic=\":443\"; ma=2592000; v=\"46,43\"","accept-ranges":"none","transfer-encoding":"chunked"}
[debug] [2021-02-15T03:32:14.733Z] >>> [apiv2][query] GET https://firebase.googleapis.com/v1beta1/projects/whatsapp-clone-5ce3d [none]
[debug] [2021-02-15T03:32:15.106Z] <<< [apiv2][status] GET https://firebase.googleapis.com/v1beta1/projects/whatsapp-clone-5ce3d 200
[debug] [2021-02-15T03:32:15.107Z] <<< [apiv2][body] GET https://firebase.googleapis.com/v1beta1/projects/whatsapp-clone-5ce3d {"projectId":"whatsapp-clone-5ce3d","projectNumber":"671614734212","displayName":"WhatsApp Clone","name":"projects/whatsapp-clone-5ce3d","resources":{"hostingSite":"whatsapp-clone-5ce3d","realtimeDatabaseInstance":"whatsapp-clone-5ce3d-default-rtdb","storageBucket":"whatsapp-clone-5ce3d.appspot.com","locationId":"us-central"},"state":"ACTIVE"}
[debug] [2021-02-15T03:32:15.109Z] >>> [apiv2][query] GET https://firebase.googleapis.com/v1beta1/projects/whatsapp-clone-5ce3d [none]
[debug] [2021-02-15T03:32:15.364Z] <<< [apiv2][status] GET https://firebase.googleapis.com/v1beta1/projects/whatsapp-clone-5ce3d 200
[debug] [2021-02-15T03:32:15.365Z] <<< [apiv2][body] GET https://firebase.googleapis.com/v1beta1/projects/whatsapp-clone-5ce3d {"projectId":"whatsapp-clone-5ce3d","projectNumber":"671614734212","displayName":"WhatsApp Clone","name":"projects/whatsapp-clone-5ce3d","resources":{"hostingSite":"whatsapp-clone-5ce3d","realtimeDatabaseInstance":"whatsapp-clone-5ce3d-default-rtdb","storageBucket":"whatsapp-clone-5ce3d.appspot.com","locationId":"us-central"},"state":"ACTIVE"}
[debug] [2021-02-15T03:32:15.539Z] TypeError [ERR_INVALID_ARG_TYPE]: The "path" argument must be of type string. Received undefined
    at validateString (internal/validators.js:121:11)
    at Object.join (path.js:375:7)
    at Object.checkFunctionsSDKVersion [as fn] (C:\Users\DELL\AppData\Roaming\npm\node_modules\firebase-tools\lib\checkFirebaseSDKVersion.js:34:28)
    at C:\Users\DELL\AppData\Roaming\npm\node_modules\firebase-tools\lib\command.js:161:30
    at processTicksAndRejections (internal/process/task_queues.js:97:5)
[error] 
[error] Error: An unexpected error has occurred.
